<?xml version="1.0" encoding="UTF-8"?>
<!-- Generated by org.testng.reporters.JUnitReportReporter -->
<testsuite hostname="DESKTOP-TAV04US" failures="0" tests="1" name="testNGReportDemo.TestngReoprtExe2" time="9.952" errors="0" timestamp="2024-05-22T00:02:37 IST" skipped="0">
  <testcase classname="testNGReportDemo.TestngReoprtExe2" name="googleSearch" time="9.952">
    <system-out>
      <![CDATA[Chrome browser opened....
Google url opened....
india gate key entered....
Enter key passed....]]>
    </system-out>
  </testcase> <!-- googleSearch -->
  <system-out>
    <![CDATA[Chrome browser opened....
Google url opened....
india gate key entered....
Enter key passed....]]>
  </system-out>
</testsuite> <!-- testNGReportDemo.TestngReoprtExe2 -->
