<?xml version="1.0" encoding="UTF-8"?>
<!-- Generated by org.testng.reporters.JUnitReportReporter -->
<testsuite hostname="DESKTOP-TAV04US" failures="0" tests="4" name="testNGReportDemo.TestNgReportExample" time="0.022" errors="0" timestamp="2024-05-21T22:46:20 IST" skipped="0">
  <testcase classname="testNGReportDemo.TestNgReportExample" name="TestMethod1" time="0.016"/>
  <testcase classname="testNGReportDemo.TestNgReportExample" name="TestMethod3" time="0.003"/>
  <testcase classname="testNGReportDemo.TestNgReportExample" name="TestMethod2" time="0.001"/>
  <testcase classname="testNGReportDemo.TestNgReportExample" name="TestMethod4" time="0.002"/>
</testsuite> <!-- testNGReportDemo.TestNgReportExample -->
