<?xml version="1.0" encoding="UTF-8"?>
<!-- Generated by org.testng.reporters.JUnitReportReporter -->
<testsuite hostname="DESKTOP-TAV04US" failures="0" tests="2" name="BatchTesting.LoginTest" time="0.006" errors="0" timestamp="2024-05-17T11:25:11 IST" skipped="0">
  <testcase classname="BatchTesting.LoginTest" name="LoginByEmail" time="0.002"/>
  <testcase classname="BatchTesting.LoginTest" name="LoginByMobileNumber" time="0.004"/>
</testsuite> <!-- BatchTesting.LoginTest -->
