<?xml version="1.0" encoding="UTF-8"?>
<!-- Generated by org.testng.reporters.JUnitReportReporter -->
<testsuite hostname="DESKTOP-TAV04US" failures="0" tests="6" name="demotestNg.InvocationCount" time="0.047" errors="0" timestamp="2024-05-17T19:32:20 IST" skipped="0">
  <testcase classname="demotestNg.InvocationCount" name="Method1" time="0.004"/>
  <testcase classname="demotestNg.InvocationCount" name="Method1" time="0.002"/>
  <testcase classname="demotestNg.InvocationCount" name="Method1" time="0.031"/>
  <testcase classname="demotestNg.InvocationCount" name="Method1" time="0.003"/>
  <testcase classname="demotestNg.InvocationCount" name="Method1" time="0.003"/>
  <testcase classname="demotestNg.InvocationCount" name="Method2" time="0.004"/>
</testsuite> <!-- demotestNg.InvocationCount -->
