<?xml version="1.0" encoding="UTF-8"?>
<!-- Generated by org.testng.reporters.JUnitReportReporter -->
<testsuite hostname="DESKTOP-TAV04US" failures="0" tests="1" name="demotestNg.TestNgDemo" time="6.214" errors="0" timestamp="2024-05-16T21:09:38 IST" skipped="0">
  <testcase classname="demotestNg.TestNgDemo" name="verifyingPageTitle" time="6.214"/>
</testsuite> <!-- demotestNg.TestNgDemo -->
