<?xml version="1.0" encoding="UTF-8"?>
<!-- Generated by org.testng.reporters.JUnitReportReporter -->
<testsuite hostname="DESKTOP-TAV04US" failures="0" tests="3" name="BatchTesting.FunctionalTest" time="0.005" errors="0" timestamp="2024-05-17T11:25:11 IST" skipped="0">
  <testcase classname="BatchTesting.FunctionalTest" name="SelectQuantity" time="0.001"/>
  <testcase classname="BatchTesting.FunctionalTest" name="AddProductToCart" time="0.002"/>
  <testcase classname="BatchTesting.FunctionalTest" name="AddProductToWishList" time="0.002"/>
</testsuite> <!-- BatchTesting.FunctionalTest -->
