<?xml version="1.0" encoding="UTF-8"?>
<!-- Generated by org.testng.reporters.JUnitReportReporter -->
<testsuite hostname="DESKTOP-TAV04US" failures="0" tests="2" name="BatchTesting.PaymentTest" time="0.016" errors="0" timestamp="2024-05-17T11:25:11 IST" skipped="0">
  <testcase classname="BatchTesting.PaymentTest" name="NetBankin" time="0.003"/>
  <testcase classname="BatchTesting.PaymentTest" name="CashOnDelivery" time="0.013"/>
</testsuite> <!-- BatchTesting.PaymentTest -->
