<?xml version="1.0" encoding="UTF-8"?>
<!-- Generated by org.testng.reporters.JUnitReportReporter -->
<testsuite hostname="DESKTOP-TAV04US" failures="0" tests="3" name="BatchTesting.omeScreenTest" time="0.006" errors="0" timestamp="2024-05-17T11:25:11 IST" skipped="0">
  <testcase classname="BatchTesting.omeScreenTest" name="VerifyLogo" time="0.002"/>
  <testcase classname="BatchTesting.omeScreenTest" name="LaunchApplication" time="0.002"/>
  <testcase classname="BatchTesting.omeScreenTest" name="VerifyTitle" time="0.002"/>
</testsuite> <!-- BatchTesting.omeScreenTest -->
