<?xml version="1.0" encoding="UTF-8"?>
<!-- Generated by org.testng.reporters.JUnitReportReporter -->
<testsuite hostname="DESKTOP-TAV04US" failures="0" tests="3" name="CrossBroweserTesting.CrossBrowser" time="18.547" errors="0" timestamp="2024-05-20T09:58:55 IST" skipped="0">
  <testcase classname="CrossBroweserTesting.CrossBrowser" name="CheckTitle" time="7.864"/>
  <testcase classname="CrossBroweserTesting.CrossBrowser" name="CheckTitle" time="5.067"/>
  <testcase classname="CrossBroweserTesting.CrossBrowser" name="CheckTitle" time="5.616"/>
</testsuite> <!-- CrossBroweserTesting.CrossBrowser -->
