<?xml version="1.0" encoding="UTF-8"?>
<!-- Generated by org.testng.reporters.JUnitReportReporter -->
<testsuite hostname="DESKTOP-TAV04US" failures="0" tests="1" name="demotestNg.GoogleTest" time="0.027" errors="0" timestamp="2024-05-15T10:20:01 IST" skipped="0">
  <testcase classname="demotestNg.GoogleTest" name="TestCase1" time="0.027"/>
</testsuite> <!-- demotestNg.GoogleTest -->
