<?xml version="1.0" encoding="UTF-8"?>
<!-- Generated by org.testng.reporters.JUnitReportReporter -->
<testsuite hostname="DESKTOP-TAV04US" failures="0" tests="4" name="GoogleDriver.TestingSuit.TstsNgEnableDisable" time="0.015" errors="0" timestamp="2024-05-15T18:21:13 IST" skipped="2">
  <testcase classname="GoogleDriver.TestingSuit.TstsNgEnableDisable" name="PersonalLoan" time="0.013"/>
  <testcase classname="GoogleDriver.TestingSuit.TstsNgEnableDisable" name="mobileLoan" time="0.002"/>
  <testcase classname="GoogleDriver.TestingSuit.TstsNgEnableDisable" name="EmiLoan">
    <skipped/>
  </testcase> <!-- EmiLoan -->
  <testcase classname="GoogleDriver.TestingSuit.TstsNgEnableDisable" name="HomeLoan">
    <skipped/>
  </testcase> <!-- HomeLoan -->
</testsuite> <!-- GoogleDriver.TestingSuit.TstsNgEnableDisable -->
