<?xml version="1.0" encoding="UTF-8"?>
<!-- Generated by org.testng.reporters.JUnitReportReporter -->
<testsuite hostname="DESKTOP-TAV04US" failures="0" tests="2" name="GoogleDriver.TestingSuit.TsetCase1" time="0.027" errors="0" timestamp="2024-05-15T12:26:25 IST" skipped="0">
  <testcase classname="GoogleDriver.TestingSuit.TsetCase1" name="Test1" time="0.025"/>
  <testcase classname="GoogleDriver.TestingSuit.TsetCase1" name="Test2" time="0.002"/>
</testsuite> <!-- GoogleDriver.TestingSuit.TsetCase1 -->
