<?xml version="1.0" encoding="UTF-8"?>
<!-- Generated by org.testng.reporters.JUnitReportReporter -->
<testsuite hostname="DESKTOP-TAV04US" failures="0" tests="4" name="GoogleDriver.TestingSuit.AnnotationDescription" time="0.443" errors="0" timestamp="2024-05-15T19:16:47 IST" skipped="0">
  <testcase classname="GoogleDriver.TestingSuit.AnnotationDescription" name="Test2" time="0.419"/>
  <testcase classname="GoogleDriver.TestingSuit.AnnotationDescription" name="Test4" time="0.014"/>
  <testcase classname="GoogleDriver.TestingSuit.AnnotationDescription" name="Test1" time="0.007"/>
  <testcase classname="GoogleDriver.TestingSuit.AnnotationDescription" name="Test3" time="0.003"/>
</testsuite> <!-- GoogleDriver.TestingSuit.AnnotationDescription -->
