<?xml version="1.0" encoding="UTF-8"?>
<!-- Generated by org.testng.reporters.JUnitReportReporter -->
<testsuite hostname="DESKTOP-TAV04US" failures="0" tests="1" name="GoogleDriver.TestingSuit.Annotations" time="0.011" errors="0" timestamp="2024-05-15T18:53:14 IST" skipped="0">
  <testcase classname="GoogleDriver.TestingSuit.Annotations" name="testCase" time="0.011"/>
</testsuite> <!-- GoogleDriver.TestingSuit.Annotations -->
